d:\university file\year 2\term 1\csci1120\project\jungle-starter-main\jungle_vs\x64\debug\vc143.pdb
d:\university file\year 2\term 1\csci1120\project\jungle-starter-main\jungle_vs\x64\debug\vc143.idb
d:\university file\year 2\term 1\csci1120\project\jungle-starter-main\jungle_vs\x64\debug\wolf.obj
d:\university file\year 2\term 1\csci1120\project\jungle-starter-main\jungle_vs\x64\debug\tiger.obj
d:\university file\year 2\term 1\csci1120\project\jungle-starter-main\jungle_vs\x64\debug\rat.obj
d:\university file\year 2\term 1\csci1120\project\jungle-starter-main\jungle_vs\x64\debug\player.obj
d:\university file\year 2\term 1\csci1120\project\jungle-starter-main\jungle_vs\x64\debug\piece.obj
d:\university file\year 2\term 1\csci1120\project\jungle-starter-main\jungle_vs\x64\debug\machine.obj
d:\university file\year 2\term 1\csci1120\project\jungle-starter-main\jungle_vs\x64\debug\lion.obj
d:\university file\year 2\term 1\csci1120\project\jungle-starter-main\jungle_vs\x64\debug\leopard.obj
d:\university file\year 2\term 1\csci1120\project\jungle-starter-main\jungle_vs\x64\debug\jungle.obj
d:\university file\year 2\term 1\csci1120\project\jungle-starter-main\jungle_vs\x64\debug\jumper.obj
d:\university file\year 2\term 1\csci1120\project\jungle-starter-main\jungle_vs\x64\debug\human.obj
d:\university file\year 2\term 1\csci1120\project\jungle-starter-main\jungle_vs\x64\debug\game.obj
d:\university file\year 2\term 1\csci1120\project\jungle-starter-main\jungle_vs\x64\debug\fileman.obj
d:\university file\year 2\term 1\csci1120\project\jungle-starter-main\jungle_vs\x64\debug\elephant.obj
d:\university file\year 2\term 1\csci1120\project\jungle-starter-main\jungle_vs\x64\debug\dog.obj
d:\university file\year 2\term 1\csci1120\project\jungle-starter-main\jungle_vs\x64\debug\cat.obj
d:\university file\year 2\term 1\csci1120\project\jungle-starter-main\jungle_vs\x64\debug\board.obj
d:\university file\year 2\term 1\csci1120\project\jungle-starter-main\jungle_vs\x64\debug\jungle_vs.exe
d:\university file\year 2\term 1\csci1120\project\jungle-starter-main\jungle_vs\x64\debug\jungle_vs.ilk
d:\university file\year 2\term 1\csci1120\project\jungle-starter-main\jungle_vs\x64\debug\jungle_vs.pdb
d:\university file\year 2\term 1\csci1120\project\jungle-starter-main\jungle_vs\x64\debug\jungle_vs.tlog\cl.command.1.tlog
d:\university file\year 2\term 1\csci1120\project\jungle-starter-main\jungle_vs\x64\debug\jungle_vs.tlog\cl.read.1.tlog
d:\university file\year 2\term 1\csci1120\project\jungle-starter-main\jungle_vs\x64\debug\jungle_vs.tlog\cl.write.1.tlog
d:\university file\year 2\term 1\csci1120\project\jungle-starter-main\jungle_vs\x64\debug\jungle_vs.tlog\link.command.1.tlog
d:\university file\year 2\term 1\csci1120\project\jungle-starter-main\jungle_vs\x64\debug\jungle_vs.tlog\link.read.1.tlog
d:\university file\year 2\term 1\csci1120\project\jungle-starter-main\jungle_vs\x64\debug\jungle_vs.tlog\link.write.1.tlog
